SF:lib\src\_base.dart
DA:19,5
DA:21,10
DA:23,0
DA:24,0
DA:27,0
DA:28,0
DA:29,0
DA:31,0
DA:34,0
DA:38,0
DA:39,0
DA:41,1
DA:43,4
DA:48,5
DA:49,5
DA:51,2
DA:52,2
DA:53,2
DA:54,2
DA:57,6
DA:58,2
DA:59,4
DA:60,2
DA:62,1
DA:63,1
DA:66,0
DA:69,2
DA:70,2
DA:71,2
DA:75,0
DA:76,0
DA:77,0
DA:78,0
DA:81,0
DA:82,0
DA:83,0
DA:84,0
DA:86,0
DA:89,0
DA:92,0
DA:93,0
DA:94,0
DA:99,4
DA:100,4
DA:102,4
DA:103,4
DA:104,4
DA:108,12
DA:109,4
DA:110,4
DA:112,12
DA:113,12
DA:117,12
DA:118,4
DA:119,4
DA:120,4
LF:56
LH:33
end_of_record
SF:lib\src\attribute.dart
DA:20,4
DA:22,4
DA:24,4
DA:25,4
DA:26,4
DA:27,4
DA:28,4
DA:31,4
DA:33,4
DA:34,4
DA:37,4
DA:38,4
DA:39,8
DA:40,8
DA:42,0
DA:45,4
DA:46,4
DA:47,4
DA:48,4
LF:19
LH:18
end_of_record
SF:lib\src\com\IMetaDataImport2.dart
DA:114,10
DA:116,0
DA:122,0
DA:123,0
DA:124,0
DA:125,0
DA:127,0
DA:136,0
DA:137,0
DA:138,0
DA:139,0
DA:149,0
DA:151,0
DA:152,0
DA:153,0
DA:154,0
DA:156,0
DA:162,0
DA:163,0
DA:164,0
DA:165,0
DA:172,0
DA:174,0
DA:177,0
DA:178,0
DA:179,0
DA:181,0
DA:182,0
DA:183,0
DA:184,0
DA:186,0
DA:188,0
DA:189,0
DA:190,0
DA:191,0
DA:193,0
DA:199,0
DA:200,0
DA:201,0
DA:202,0
LF:40
LH:1
end_of_record
SF:lib\src\com\IMetaDataDispenser.dart
DA:39,10
DA:41,0
DA:43,0
DA:44,0
DA:45,0
DA:46,0
DA:48,5
DA:50,5
DA:51,20
DA:52,5
DA:53,15
DA:55,0
DA:57,0
DA:58,0
DA:59,0
DA:60,0
LF:16
LH:6
end_of_record
SF:lib\src\com\IMetaDataDispenserEx.dart
DA:85,0
DA:87,0
DA:88,0
DA:89,0
DA:90,0
DA:92,0
DA:93,0
DA:94,0
DA:95,0
DA:97,0
DA:99,0
DA:100,0
DA:101,0
DA:102,0
DA:104,0
DA:106,0
DA:107,0
DA:108,0
DA:109,0
DA:111,0
DA:119,0
DA:120,0
DA:121,0
DA:124,0
DA:133,0
DA:134,0
DA:135,0
DA:136,0
LF:28
LH:0
end_of_record
SF:lib\src\com\IMetaDataImport.dart
DA:792,10
DA:794,5
DA:795,5
DA:796,20
DA:797,20
DA:799,0
DA:800,0
DA:801,0
DA:802,0
DA:804,0
DA:805,0
DA:806,0
DA:807,0
DA:809,4
DA:811,4
DA:812,16
DA:813,4
DA:814,12
DA:816,2
DA:818,2
DA:819,8
DA:820,2
DA:821,6
DA:823,0
DA:825,0
DA:826,0
DA:827,0
DA:828,0
DA:830,4
DA:832,4
DA:833,16
DA:834,4
DA:835,12
DA:837,1
DA:839,1
DA:840,4
DA:841,1
DA:842,3
DA:844,0
DA:845,0
DA:846,0
DA:847,0
DA:849,5
DA:856,5
DA:857,20
DA:858,20
DA:861,2
DA:863,2
DA:864,8
DA:865,2
DA:866,6
DA:868,4
DA:870,4
DA:871,16
DA:872,16
DA:875,0
DA:877,0
DA:878,0
DA:879,0
DA:880,0
DA:882,0
DA:884,0
DA:885,0
DA:886,0
DA:887,0
DA:889,0
DA:896,0
DA:897,0
DA:898,0
DA:899,0
DA:901,3
DA:903,3
DA:904,12
DA:905,3
DA:906,9
DA:908,0
DA:915,0
DA:916,0
DA:917,0
DA:918,0
DA:920,2
DA:922,2
DA:923,8
DA:924,2
DA:925,6
DA:927,0
DA:934,0
DA:935,0
DA:936,0
DA:937,0
DA:939,4
DA:941,4
DA:942,16
DA:943,4
DA:944,12
DA:946,0
DA:948,0
DA:949,0
DA:950,0
DA:951,0
DA:953,0
DA:960,0
DA:961,0
DA:962,0
DA:965,0
DA:967,0
DA:968,0
DA:969,0
DA:970,0
DA:972,0
DA:974,0
DA:975,0
DA:976,0
DA:977,0
DA:979,4
DA:981,4
DA:982,16
DA:983,16
DA:986,0
DA:988,0
DA:989,0
DA:990,0
DA:991,0
DA:993,0
DA:999,0
DA:1000,0
DA:1001,0
DA:1002,0
DA:1004,4
DA:1015,4
DA:1016,16
DA:1017,4
DA:1018,12
DA:1030,0
DA:1038,0
DA:1039,0
DA:1040,0
DA:1041,0
DA:1050,0
DA:1056,0
DA:1057,0
DA:1058,0
DA:1059,0
DA:1061,0
DA:1063,0
DA:1064,0
DA:1065,0
DA:1066,0
DA:1068,0
DA:1082,0
DA:1083,0
DA:1084,0
DA:1085,0
DA:1100,0
DA:1102,0
DA:1103,0
DA:1104,0
DA:1105,0
DA:1107,0
DA:1109,0
DA:1110,0
DA:1111,0
DA:1112,0
DA:1114,0
DA:1121,0
DA:1122,0
DA:1123,0
DA:1126,0
DA:1128,0
DA:1129,0
DA:1130,0
DA:1131,0
DA:1133,0
DA:1135,0
DA:1136,0
DA:1137,0
DA:1138,0
DA:1140,0
DA:1142,0
DA:1143,0
DA:1144,0
DA:1145,0
DA:1147,0
DA:1149,0
DA:1150,0
DA:1151,0
DA:1152,0
DA:1154,1
DA:1156,1
DA:1157,4
DA:1158,1
DA:1159,3
DA:1161,1
DA:1163,1
DA:1164,4
DA:1165,1
DA:1166,3
DA:1168,0
DA:1170,0
DA:1171,0
DA:1172,0
DA:1173,0
DA:1175,0
DA:1176,0
DA:1177,0
DA:1178,0
DA:1179,0
DA:1181,0
DA:1183,0
DA:1184,0
DA:1185,0
DA:1186,0
DA:1188,0
DA:1190,0
DA:1191,0
DA:1192,0
DA:1193,0
DA:1195,1
DA:1202,1
DA:1203,4
DA:1204,1
DA:1205,3
DA:1213,0
DA:1215,0
DA:1216,0
DA:1217,0
DA:1218,0
DA:1220,0
DA:1222,0
DA:1223,0
DA:1224,0
DA:1225,0
DA:1227,2
DA:1229,2
DA:1230,8
DA:1231,2
DA:1232,6
DA:1234,0
DA:1236,0
DA:1237,0
DA:1238,0
DA:1239,0
DA:1241,4
DA:1248,4
DA:1249,16
DA:1250,16
DA:1253,4
DA:1259,4
DA:1260,16
DA:1261,4
DA:1262,12
DA:1264,0
DA:1266,0
DA:1267,0
DA:1268,0
DA:1269,0
DA:1271,0
DA:1285,0
DA:1286,0
DA:1287,0
DA:1288,0
DA:1303,2
DA:1315,2
DA:1316,8
DA:1317,2
DA:1318,6
DA:1331,0
DA:1348,0
DA:1349,0
DA:1350,0
DA:1351,0
DA:1369,4
DA:1380,4
DA:1381,16
DA:1382,4
DA:1383,12
DA:1395,2
DA:1397,2
DA:1398,8
DA:1399,2
DA:1400,6
DA:1402,2
DA:1403,2
DA:1404,8
DA:1405,8
DA:1407,0
DA:1409,0
DA:1410,0
DA:1411,0
DA:1412,0
DA:1414,0
DA:1416,0
DA:1417,0
DA:1418,0
DA:1419,0
DA:1421,0
DA:1422,0
DA:1423,0
DA:1424,0
LF:299
LH:110
end_of_record
SF:lib\src\constants.dart
DA:6,6
DA:115,6
DA:156,12
LF:3
LH:3
end_of_record
SF:lib\src\enumeration.dart
DA:18,2
DA:23,3
DA:24,15
DA:25,3
DA:28,2
DA:29,2
DA:30,4
DA:31,2
DA:32,2
DA:33,2
DA:34,2
DA:35,2
DA:36,2
DA:37,2
DA:40,4
DA:47,2
DA:50,2
DA:53,2
DA:54,2
DA:55,2
DA:56,2
DA:58,4
DA:59,2
DA:60,6
DA:62,2
DA:65,0
DA:68,2
DA:69,2
DA:70,2
DA:71,2
DA:72,2
DA:73,2
DA:74,2
DA:75,2
DA:76,2
DA:81,2
DA:82,2
DA:83,2
DA:85,2
DA:86,2
DA:87,2
DA:90,6
DA:91,2
DA:92,4
DA:93,6
DA:96,4
DA:97,2
DA:98,6
DA:103,6
DA:104,2
DA:105,2
DA:106,2
DA:110,0
DA:111,0
LF:54
LH:51
end_of_record
SF:lib\src\typedef.dart
DA:24,1
DA:25,3
DA:26,3
DA:29,2
DA:30,6
DA:37,0
DA:43,5
DA:48,5
DA:55,5
DA:56,5
DA:57,3
DA:58,5
DA:59,5
DA:61,0
DA:62,0
DA:67,5
DA:69,5
DA:70,5
DA:71,5
DA:72,10
DA:75,5
DA:78,5
DA:79,10
DA:80,10
DA:82,0
DA:85,5
DA:86,5
DA:87,5
DA:88,5
DA:97,4
DA:99,4
DA:100,8
DA:101,4
DA:104,4
DA:107,4
DA:108,4
DA:112,4
DA:113,4
DA:117,8
DA:118,9
DA:120,8
DA:121,4
DA:123,0
DA:124,0
DA:127,0
DA:130,4
DA:131,4
DA:132,4
DA:137,2
DA:138,2
DA:139,2
DA:142,4
DA:143,2
DA:144,4
DA:145,6
DA:146,0
DA:147,0
DA:151,0
DA:153,2
DA:154,2
DA:159,2
DA:160,2
DA:162,2
DA:163,2
DA:164,2
DA:167,6
DA:168,2
DA:169,2
DA:171,4
DA:172,4
DA:176,6
DA:177,2
DA:178,2
DA:179,2
DA:186,3
DA:187,3
DA:189,3
DA:190,3
DA:191,3
DA:194,9
DA:195,3
DA:196,3
DA:198,9
DA:199,6
DA:203,9
DA:204,3
DA:205,3
DA:206,3
DA:213,4
DA:214,4
DA:215,4
DA:218,16
DA:219,4
DA:220,12
DA:221,4
DA:224,0
DA:227,4
DA:228,4
DA:233,3
DA:234,15
DA:236,2
DA:237,2
DA:238,2
DA:239,2
DA:242,4
DA:243,2
DA:244,2
DA:245,4
DA:246,4
DA:247,2
DA:248,4
DA:252,2
DA:253,2
DA:254,2
DA:261,2
DA:263,2
DA:264,1
DA:269,1
DA:270,2
LF:119
LH:108
end_of_record
SF:lib\src\metadatastore.dart
DA:21,5
DA:22,15
DA:26,5
DA:28,5
DA:30,10
DA:31,5
DA:33,5
DA:34,0
DA:37,10
DA:43,5
DA:44,5
DA:46,10
DA:47,0
DA:49,10
DA:50,5
DA:53,10
DA:54,5
DA:55,5
DA:56,0
DA:58,15
DA:59,25
DA:63,5
DA:70,5
DA:71,5
DA:79,20
DA:81,8
DA:84,5
DA:86,5
DA:87,5
DA:88,5
DA:94,15
DA:96,5
DA:97,2
DA:98,4
DA:100,4
DA:103,10
DA:104,10
DA:106,5
DA:107,5
DA:112,1
DA:113,0
DA:115,1
DA:116,1
DA:124,1
DA:127,3
DA:128,3
DA:130,3
DA:132,2
DA:137,1
DA:138,4
LF:50
LH:46
end_of_record
SF:lib\src\scope.dart
DA:26,5
DA:28,1
DA:29,2
DA:30,1
DA:32,3
DA:33,1
DA:34,1
DA:36,0
DA:39,1
DA:40,1
DA:44,2
DA:45,10
DA:46,4
DA:50,4
DA:51,8
DA:52,4
DA:53,4
DA:54,4
DA:57,8
DA:58,4
DA:59,4
DA:61,16
DA:62,8
DA:65,6
DA:66,1
DA:67,1
DA:68,1
DA:71,4
DA:75,1
DA:76,2
DA:77,1
DA:78,1
DA:79,1
DA:82,2
DA:83,1
DA:84,1
DA:85,4
DA:86,2
DA:89,3
DA:90,1
DA:91,1
DA:92,1
DA:95,1
DA:98,2
DA:99,2
DA:101,2
DA:102,2
DA:103,2
DA:105,4
DA:106,2
DA:107,1
DA:108,2
DA:109,2
DA:112,6
DA:113,2
DA:114,2
DA:115,2
DA:121,3
DA:122,6
DA:123,6
DA:124,9
DA:125,9
DA:129,3
DA:133,4
DA:134,4
DA:135,4
DA:138,8
DA:139,4
DA:140,12
DA:141,2
DA:144,0
DA:147,4
DA:148,4
DA:152,1
DA:153,2
LF:75
LH:73
end_of_record
SF:lib\src\method.dart
DA:27,4
DA:34,16
DA:36,2
DA:37,2
DA:38,2
DA:39,2
DA:40,2
DA:41,8
DA:42,2
DA:44,1
DA:45,1
DA:46,2
DA:47,1
DA:48,1
DA:50,3
DA:52,1
DA:53,3
DA:55,0
DA:58,1
DA:59,1
DA:60,1
DA:61,1
DA:65,4
DA:73,4
DA:74,4
DA:75,4
DA:76,4
DA:77,4
DA:80,4
DA:81,4
DA:82,8
DA:83,4
DA:84,4
DA:85,4
DA:86,4
DA:87,4
DA:88,4
DA:91,4
DA:92,4
DA:94,4
DA:95,8
DA:96,8
DA:97,12
DA:98,8
DA:100,0
DA:103,4
DA:104,4
DA:105,4
DA:106,4
DA:107,4
DA:108,4
DA:109,4
DA:110,4
DA:114,20
DA:116,4
DA:120,6
DA:122,1
DA:123,6
DA:125,1
DA:136,4
DA:137,4
DA:138,4
DA:141,4
DA:142,4
DA:143,4
DA:144,8
DA:145,8
DA:146,8
DA:148,8
DA:149,8
DA:150,4
DA:153,4
DA:154,2
DA:156,1
DA:160,4
DA:161,6
DA:162,6
DA:163,9
DA:164,3
DA:167,4
DA:168,2
DA:169,3
DA:171,3
DA:173,2
DA:174,2
DA:176,2
DA:177,2
DA:178,3
DA:184,8
DA:187,4
DA:190,3
DA:192,12
DA:193,12
DA:194,8
DA:198,1
DA:199,1
DA:200,2
DA:202,1
DA:203,2
DA:204,2
DA:205,3
DA:206,2
DA:208,1
DA:215,4
DA:216,4
DA:217,1
DA:219,4
DA:227,1
DA:228,1
DA:231,4
DA:232,3
DA:233,0
DA:235,0
DA:245,4
DA:250,8
DA:254,24
DA:256,12
DA:257,12
DA:259,12
DA:260,12
DA:261,8
DA:266,9
DA:267,3
DA:268,9
DA:269,6
DA:274,12
DA:276,12
DA:277,8
DA:279,12
DA:281,5
DA:282,1
DA:284,16
DA:286,4
DA:290,4
DA:291,4
DA:292,4
DA:293,4
DA:294,4
DA:297,12
DA:298,4
DA:299,4
DA:301,16
DA:302,8
DA:305,12
DA:306,4
DA:307,4
DA:308,4
DA:313,4
DA:317,8
DA:318,8
DA:319,8
DA:320,3
DA:322,0
DA:323,3
DA:325,0
DA:335,1
DA:336,2
DA:338,3
DA:339,4
DA:341,2
DA:342,1
DA:343,1
DA:344,2
DA:346,5
DA:347,4
DA:348,5
DA:350,3
DA:351,1
DA:352,1
DA:353,2
DA:355,1
DA:358,0
DA:359,0
LF:173
LH:165
end_of_record
SF:lib\src\module.dart
DA:16,1
DA:17,1
DA:19,1
DA:20,2
DA:21,1
DA:24,1
DA:26,1
DA:27,2
DA:29,0
DA:32,1
DA:33,1
DA:37,0
DA:38,0
LF:13
LH:10
end_of_record
SF:lib\src\parameter.dart
DA:16,6
DA:26,4
DA:28,4
DA:30,4
DA:31,4
DA:32,4
DA:33,8
DA:34,4
DA:35,4
DA:36,4
DA:37,4
DA:38,4
DA:41,4
DA:42,4
DA:43,4
DA:44,4
DA:47,4
DA:48,4
DA:49,8
DA:50,4
DA:51,8
DA:52,8
DA:54,0
DA:57,4
DA:58,4
DA:59,4
DA:60,4
DA:61,4
DA:62,4
DA:63,4
DA:64,4
DA:68,3
DA:70,6
DA:72,2
DA:73,2
DA:75,0
DA:76,0
LF:37
LH:34
end_of_record
SF:lib\src\typeidentifier.dart
DA:25,4
DA:27,2
DA:28,8
DA:29,6
DA:33,4
DA:35,4
DA:36,0
DA:37,4
DA:38,4
DA:39,4
DA:40,1
DA:41,4
DA:42,0
DA:43,4
DA:44,0
DA:45,4
DA:46,3
DA:47,4
DA:48,1
DA:49,4
DA:50,1
DA:51,4
DA:52,3
DA:53,4
DA:54,4
DA:55,4
DA:56,0
DA:57,4
DA:58,0
DA:59,4
DA:60,1
DA:61,4
DA:62,0
DA:63,4
DA:64,1
DA:65,4
DA:66,3
DA:67,4
DA:68,1
DA:69,4
DA:70,4
DA:71,4
DA:72,4
DA:73,3
DA:74,0
DA:75,3
DA:76,0
DA:77,3
DA:78,1
DA:79,2
DA:80,0
DA:81,2
DA:82,2
DA:83,1
DA:84,1
DA:85,0
DA:86,0
DA:87,0
DA:88,0
DA:89,0
DA:90,0
DA:91,0
DA:92,0
DA:93,0
DA:94,0
DA:95,0
DA:96,0
DA:97,0
DA:98,0
DA:99,0
DA:100,0
DA:101,0
DA:102,0
DA:103,0
DA:104,0
DA:105,0
DA:106,0
DA:108,0
DA:111,0
DA:112,0
DA:113,0
DA:115,0
DA:117,0
DA:119,0
DA:121,0
DA:123,0
DA:125,0
DA:127,0
DA:129,0
DA:131,0
DA:133,0
DA:135,0
DA:137,0
DA:139,0
DA:141,0
DA:143,0
DA:145,0
DA:147,0
DA:149,0
DA:151,0
DA:153,0
DA:155,0
DA:157,0
DA:159,0
DA:161,0
DA:163,0
DA:165,0
DA:167,0
DA:169,0
DA:171,0
DA:173,0
DA:175,0
DA:177,0
DA:179,0
DA:181,0
DA:183,0
DA:186,0
DA:190,4
DA:192,4
DA:193,4
DA:195,4
DA:197,4
DA:199,4
DA:201,4
DA:203,4
DA:205,4
DA:207,4
DA:209,4
DA:211,4
DA:213,3
DA:215,3
DA:217,3
DA:219,3
DA:221,3
DA:223,2
DA:225,2
DA:227,2
DA:229,2
DA:231,2
DA:233,2
DA:235,2
DA:237,2
DA:239,2
DA:241,2
DA:243,0
DA:245,0
DA:247,0
DA:249,0
DA:251,0
DA:253,0
DA:255,0
DA:257,0
DA:259,0
DA:261,0
DA:263,0
DA:266,0
LF:156
LH:73
end_of_record
SF:lib\src\utils.dart
DA:19,0
DA:21,0
DA:22,0
DA:33,4
DA:35,0
DA:36,0
DA:38,0
DA:40,0
DA:41,0
DA:42,0
DA:44,0
DA:45,0
DA:49,1
DA:50,6
DA:53,5
DA:54,10
DA:55,5
DA:56,10
DA:57,0
DA:58,0
DA:62,1
DA:65,1
DA:67,1
DA:68,1
DA:69,1
DA:74,3
DA:76,1
DA:77,2
DA:79,0
DA:82,2
DA:83,2
DA:85,1
DA:86,1
DA:96,4
DA:99,4
DA:101,12
DA:103,8
DA:106,12
DA:108,8
DA:109,0
DA:111,24
DA:115,3
DA:117,2
DA:118,0
DA:120,1
DA:121,4
DA:122,3
DA:123,3
DA:124,1
DA:129,0
DA:133,4
DA:134,4
DA:136,8
DA:138,1
DA:140,8
DA:142,4
DA:144,0
DA:146,0
LF:58
LH:39
end_of_record
SF:lib\src\projection\classprojector.dart
DA:14,1
DA:17,1
DA:18,1
DA:19,1
DA:20,3
DA:21,3
DA:22,4
DA:23,1
DA:25,3
DA:26,1
DA:28,1
DA:29,1
DA:30,0
DA:32,2
DA:34,2
DA:35,2
DA:37,2
DA:38,2
DA:39,4
DA:40,1
DA:41,1
DA:44,2
DA:47,3
DA:49,2
DA:50,2
DA:55,2
DA:56,1
DA:60,1
DA:61,5
DA:62,2
DA:63,4
DA:64,1
DA:65,1
DA:71,0
DA:72,0
DA:73,0
DA:75,0
DA:77,0
DA:78,0
DA:79,0
DA:80,0
DA:81,0
DA:82,0
DA:83,0
DA:84,0
DA:85,0
DA:87,0
DA:88,0
DA:89,0
DA:94,2
LF:50
LH:33
end_of_record
SF:lib\src\projection\types.dart
DA:9,6
DA:16,1
DA:19,0
DA:20,0
DA:31,0
DA:33,0
DA:48,0
DA:50,0
DA:52,0
LF:9
LH:2
end_of_record
SF:lib\src\projection\typeprojector.dart
DA:16,3
DA:18,2
DA:19,6
DA:20,7
DA:22,3
DA:23,9
DA:24,9
DA:25,6
DA:27,2
DA:28,6
DA:29,0
DA:31,4
DA:35,4
DA:36,2
DA:38,2
DA:40,2
DA:42,2
DA:43,2
DA:44,2
DA:45,2
DA:46,2
DA:47,2
DA:48,2
DA:49,2
DA:50,2
DA:51,2
DA:52,2
DA:54,2
DA:55,2
DA:57,2
DA:59,2
DA:61,0
DA:62,2
DA:64,6
DA:67,6
DA:72,4
DA:73,2
DA:74,4
DA:75,8
DA:76,6
DA:78,10
DA:79,2
DA:81,2
DA:82,0
DA:84,2
DA:87,6
DA:97,4
DA:98,4
DA:99,3
DA:101,6
DA:107,2
DA:114,4
DA:115,8
DA:116,10
DA:117,2
DA:118,2
DA:122,0
DA:130,0
DA:133,2
DA:137,2
DA:141,6
DA:142,3
DA:144,2
DA:148,4
DA:149,2
DA:151,2
DA:152,2
DA:153,2
DA:155,2
DA:157,2
DA:159,2
DA:161,2
DA:163,2
DA:165,2
DA:167,2
DA:169,2
DA:171,2
DA:173,2
DA:175,2
DA:177,2
DA:179,0
DA:180,2
DA:181,6
DA:184,6
DA:188,4
DA:189,2
DA:190,4
DA:191,8
DA:192,6
DA:194,10
DA:195,2
DA:197,2
DA:198,4
DA:200,2
DA:203,6
DA:213,4
DA:214,4
DA:215,3
DA:217,6
DA:223,2
DA:225,2
DA:226,2
DA:231,4
DA:232,8
DA:233,10
DA:234,2
DA:238,0
DA:245,0
LF:108
LH:100
end_of_record
SF:lib\src\projection\typeprinter.dart
DA:12,0
DA:13,0
DA:14,0
DA:15,0
DA:24,0
DA:26,0
DA:35,0
DA:36,0
DA:41,0
DA:42,0
DA:44,0
DA:47,0
DA:48,0
DA:49,0
DA:50,0
DA:51,0
DA:52,0
DA:54,0
DA:55,0
DA:56,0
DA:59,0
DA:60,0
DA:61,0
DA:63,0
DA:64,0
DA:65,0
DA:66,0
DA:67,0
DA:69,0
DA:70,0
DA:71,0
DA:73,0
DA:74,0
DA:75,0
DA:76,0
DA:77,0
DA:80,0
DA:83,0
DA:84,0
DA:85,0
DA:86,0
DA:87,0
DA:89,0
DA:90,0
DA:91,0
DA:93,0
DA:94,0
DA:95,0
DA:96,0
DA:97,0
DA:100,0
DA:101,0
DA:104,0
DA:107,0
DA:108,0
DA:109,0
DA:111,0
DA:112,0
DA:113,0
DA:115,0
DA:117,0
DA:118,0
DA:120,0
DA:123,0
DA:124,0
DA:125,0
DA:126,0
DA:127,0
DA:128,0
DA:129,0
DA:131,0
DA:134,0
DA:135,0
DA:138,0
DA:139,0
DA:140,0
DA:141,0
DA:142,0
DA:144,0
DA:148,0
DA:150,0
DA:152,0
DA:155,0
DA:156,0
DA:157,0
DA:158,0
DA:159,0
DA:160,0
DA:161,0
DA:162,0
DA:165,0
DA:166,0
DA:167,0
DA:168,0
DA:169,0
DA:170,0
DA:171,0
DA:172,0
DA:173,0
DA:176,0
DA:177,0
DA:178,0
DA:179,0
DA:182,0
DA:183,0
DA:186,0
DA:187,0
DA:190,0
DA:191,0
DA:192,0
DA:194,0
DA:196,0
DA:197,0
DA:198,0
DA:200,0
DA:202,0
DA:209,0
DA:210,0
DA:213,0
DA:214,0
DA:216,0
DA:217,0
DA:218,0
DA:220,0
DA:224,0
DA:225,0
DA:228,0
DA:229,0
DA:231,0
DA:232,0
DA:234,0
DA:235,0
DA:237,0
DA:239,0
DA:240,0
DA:241,0
DA:243,0
DA:245,0
DA:253,0
DA:260,0
DA:261,0
DA:267,0
DA:268,0
DA:269,0
DA:270,0
DA:271,0
DA:272,0
LF:147
LH:0
end_of_record
SF:lib\src\projection\win32types.dart
DA:3,2
DA:4,2
DA:5,2
DA:7,1
DA:8,0
DA:18,2
DA:31,4
DA:35,2
LF:8
LH:7
end_of_record
