SF:lib\src\attribute.dart
DA:19,1
DA:21,1
DA:23,1
DA:24,1
DA:25,1
DA:26,1
DA:27,1
DA:30,1
DA:32,1
DA:33,1
DA:36,1
DA:37,1
DA:38,2
DA:39,2
DA:41,0
DA:44,1
DA:45,1
DA:46,1
DA:47,1
LF:19
LH:18
end_of_record
SF:lib\src\constants.dart
DA:6,3
DA:115,1
DA:156,3
LF:3
LH:3
end_of_record
SF:lib\src\enumeration.dart
DA:18,1
DA:23,1
DA:24,5
DA:25,1
DA:28,1
DA:29,1
DA:30,3
DA:31,1
DA:32,1
DA:33,1
DA:34,1
DA:35,1
DA:36,1
DA:37,1
DA:40,2
DA:47,1
DA:50,1
DA:53,1
DA:54,1
DA:55,1
DA:56,1
DA:58,2
DA:59,1
DA:60,3
DA:62,1
DA:65,0
DA:68,1
DA:69,1
DA:70,1
DA:71,1
DA:72,1
DA:73,1
DA:74,1
DA:75,1
DA:76,1
DA:81,1
DA:82,1
DA:83,1
DA:85,1
DA:86,1
DA:87,1
DA:90,3
DA:91,1
DA:92,2
DA:93,3
DA:96,2
DA:97,1
DA:98,3
DA:103,3
DA:104,1
DA:105,1
DA:106,1
LF:52
LH:51
end_of_record
SF:lib\src\metadatastore.dart
DA:18,1
DA:19,3
DA:23,1
DA:25,1
DA:27,2
DA:28,1
DA:30,1
DA:31,0
DA:34,3
DA:40,1
DA:41,1
DA:43,2
DA:44,3
DA:46,1
DA:47,1
DA:50,2
DA:51,1
DA:52,1
DA:53,0
DA:55,4
DA:56,3
DA:59,1
DA:66,1
DA:67,1
DA:75,5
DA:77,3
DA:80,1
DA:82,1
DA:83,1
DA:84,1
DA:90,3
DA:92,1
DA:93,1
DA:94,1
DA:96,1
DA:99,2
DA:100,2
DA:102,1
DA:103,1
DA:108,1
DA:109,0
DA:111,1
DA:112,1
DA:120,0
DA:123,0
DA:124,0
DA:126,0
DA:128,0
DA:133,0
DA:134,0
LF:50
LH:40
end_of_record
SF:lib\src\method.dart
DA:26,4
DA:33,4
DA:35,2
DA:36,2
DA:37,2
DA:38,2
DA:39,2
DA:40,2
DA:41,2
DA:43,1
DA:44,1
DA:45,2
DA:46,1
DA:47,1
DA:49,3
DA:51,1
DA:53,3
DA:55,0
DA:58,1
DA:59,1
DA:60,1
DA:61,1
DA:65,1
DA:67,1
DA:68,1
DA:69,1
DA:70,1
DA:71,1
DA:74,1
DA:75,1
DA:76,3
DA:77,1
DA:78,1
DA:79,1
DA:80,1
DA:81,1
DA:82,1
DA:85,1
DA:86,1
DA:88,1
DA:89,2
DA:90,2
DA:91,3
DA:92,2
DA:94,0
DA:97,1
DA:98,1
DA:99,1
DA:100,1
DA:101,1
DA:102,1
DA:103,1
DA:104,1
DA:108,5
DA:110,1
DA:111,3
DA:113,1
DA:114,3
DA:116,0
DA:127,1
DA:128,1
DA:129,1
DA:132,1
DA:133,1
DA:134,1
DA:135,2
DA:136,2
DA:137,2
DA:139,2
DA:140,2
DA:141,1
DA:144,1
DA:145,2
DA:147,1
DA:151,1
DA:152,2
DA:153,2
DA:154,3
DA:155,1
DA:158,1
DA:159,2
DA:160,3
DA:162,3
DA:164,2
DA:165,2
DA:167,2
DA:168,2
DA:169,3
DA:175,2
DA:178,1
DA:181,1
DA:183,4
DA:184,6
DA:185,4
DA:189,1
DA:190,1
DA:191,2
DA:193,1
DA:194,2
DA:195,2
DA:196,3
DA:197,2
DA:199,1
DA:206,1
DA:207,2
DA:208,1
DA:210,1
DA:218,1
DA:219,1
DA:222,4
DA:223,3
DA:224,0
DA:226,0
DA:236,1
DA:241,2
DA:245,6
DA:247,3
DA:248,3
DA:250,3
DA:251,3
DA:252,2
DA:257,3
DA:258,1
DA:259,3
DA:260,2
DA:265,3
DA:267,3
DA:268,2
DA:270,3
DA:272,5
DA:273,1
DA:275,4
DA:277,1
DA:281,1
DA:282,1
DA:283,1
DA:284,1
DA:285,1
DA:288,3
DA:289,1
DA:290,1
DA:292,4
DA:293,2
DA:296,3
DA:297,1
DA:298,1
DA:299,1
DA:304,1
DA:308,2
DA:309,2
DA:310,2
DA:311,3
DA:313,2
DA:314,3
DA:316,2
DA:326,1
DA:327,2
DA:329,3
DA:330,4
DA:332,2
DA:333,1
DA:334,1
DA:335,2
DA:337,5
DA:338,4
DA:339,5
DA:341,3
DA:342,1
DA:343,1
DA:344,2
DA:346,1
LF:171
LH:166
end_of_record
SF:lib\src\module.dart
DA:15,2
DA:17,1
DA:18,3
DA:19,1
DA:22,1
DA:24,1
DA:25,2
DA:27,0
DA:30,1
DA:31,1
LF:10
LH:9
end_of_record
SF:lib\src\parameter.dart
DA:15,1
DA:25,1
DA:28,2
DA:29,2
DA:30,3
DA:32,3
DA:40,1
DA:42,1
DA:44,1
DA:45,1
DA:46,1
DA:47,2
DA:48,1
DA:49,1
DA:50,1
DA:51,1
DA:52,1
DA:55,1
DA:56,1
DA:57,1
DA:58,1
DA:61,1
DA:62,1
DA:63,2
DA:64,1
DA:65,2
DA:66,2
DA:68,0
DA:71,1
DA:72,1
DA:73,1
DA:74,1
DA:75,1
DA:76,1
DA:77,1
DA:78,1
DA:82,1
DA:84,2
DA:86,2
DA:87,2
LF:40
LH:39
end_of_record
SF:lib\src\scope.dart
DA:23,1
DA:25,1
DA:26,2
DA:27,1
DA:29,3
DA:30,1
DA:31,1
DA:33,0
DA:36,1
DA:37,1
DA:42,1
DA:43,1
DA:45,1
DA:46,1
DA:47,1
DA:50,2
DA:51,1
DA:52,1
DA:54,3
DA:55,2
DA:59,3
DA:60,1
DA:61,1
DA:62,1
DA:66,1
DA:67,2
DA:68,1
DA:69,1
DA:70,1
DA:73,2
DA:74,1
DA:75,1
DA:76,4
DA:77,2
DA:80,3
DA:81,1
DA:82,1
DA:83,1
DA:86,1
DA:89,1
DA:90,1
DA:91,2
DA:92,3
DA:93,2
DA:100,1
DA:101,1
DA:102,1
DA:105,2
DA:106,1
DA:107,3
DA:108,2
DA:111,0
DA:114,1
DA:115,1
LF:54
LH:52
end_of_record
SF:lib\src\typedef.dart
DA:23,1
DA:24,3
DA:25,3
DA:28,1
DA:29,3
DA:36,0
DA:42,1
DA:47,1
DA:54,1
DA:55,1
DA:56,1
DA:57,1
DA:58,1
DA:60,0
DA:61,0
DA:66,1
DA:67,1
DA:68,1
DA:69,1
DA:70,3
DA:73,1
DA:76,1
DA:77,2
DA:78,2
DA:80,0
DA:83,1
DA:84,1
DA:85,1
DA:86,1
DA:95,1
DA:96,1
DA:97,3
DA:98,1
DA:101,1
DA:104,1
DA:105,1
DA:109,1
DA:110,1
DA:114,2
DA:115,3
DA:117,2
DA:118,1
DA:120,0
DA:121,0
DA:124,0
DA:127,1
DA:128,1
DA:129,1
DA:134,1
DA:135,1
DA:136,1
DA:139,2
DA:140,1
DA:141,2
DA:142,3
DA:143,0
DA:144,0
DA:148,0
DA:150,1
DA:151,1
DA:156,1
DA:157,1
DA:159,1
DA:160,1
DA:161,1
DA:164,3
DA:165,1
DA:166,1
DA:168,2
DA:169,2
DA:173,3
DA:174,1
DA:175,1
DA:176,1
DA:183,1
DA:184,1
DA:186,1
DA:187,1
DA:188,1
DA:191,3
DA:192,1
DA:193,1
DA:195,3
DA:196,2
DA:200,3
DA:201,1
DA:202,1
DA:203,1
DA:210,1
DA:211,1
DA:212,1
DA:215,4
DA:216,1
DA:217,3
DA:218,2
DA:221,0
DA:224,1
DA:225,1
DA:230,1
DA:231,5
DA:236,1
DA:238,1
DA:239,1
DA:240,1
DA:243,2
DA:244,1
DA:245,3
DA:246,2
DA:247,1
DA:248,2
DA:253,1
DA:254,1
DA:255,1
LF:113
LH:102
end_of_record
SF:lib\src\typeidentifier.dart
DA:25,1
DA:27,1
DA:28,4
DA:29,3
DA:33,1
DA:35,1
DA:36,0
DA:37,1
DA:38,1
DA:39,1
DA:40,0
DA:41,1
DA:42,0
DA:43,1
DA:44,1
DA:45,1
DA:46,1
DA:47,1
DA:48,0
DA:49,1
DA:50,1
DA:51,1
DA:52,1
DA:53,1
DA:54,1
DA:55,1
DA:56,0
DA:57,1
DA:58,0
DA:59,1
DA:60,1
DA:61,1
DA:62,0
DA:63,1
DA:64,0
DA:65,1
DA:66,1
DA:67,1
DA:68,0
DA:69,1
DA:70,1
DA:71,1
DA:72,1
DA:73,1
DA:74,0
DA:75,1
DA:76,0
DA:77,1
DA:78,0
DA:79,1
DA:80,0
DA:81,1
DA:82,1
DA:83,0
DA:84,0
DA:85,0
DA:86,0
DA:87,0
DA:88,0
DA:89,0
DA:90,0
DA:91,0
DA:92,0
DA:93,0
DA:94,0
DA:95,0
DA:96,0
DA:97,0
DA:98,0
DA:99,0
DA:100,0
DA:101,0
DA:102,0
DA:103,0
DA:104,0
DA:105,0
DA:106,0
DA:108,0
DA:111,0
DA:112,0
DA:113,0
DA:115,0
DA:117,0
DA:119,0
DA:121,0
DA:123,0
DA:125,0
DA:127,0
DA:129,0
DA:131,0
DA:133,0
DA:135,0
DA:137,0
DA:139,0
DA:141,0
DA:143,0
DA:145,0
DA:147,0
DA:149,0
DA:151,0
DA:153,0
DA:155,0
DA:157,0
DA:159,0
DA:161,0
DA:163,0
DA:165,0
DA:167,0
DA:169,0
DA:171,0
DA:173,0
DA:175,0
DA:177,0
DA:179,0
DA:181,0
DA:183,0
DA:186,0
DA:190,1
DA:192,1
DA:193,1
DA:195,1
DA:197,1
DA:199,1
DA:201,1
DA:203,1
DA:205,1
DA:207,1
DA:209,1
DA:211,1
DA:213,1
DA:215,1
DA:217,1
DA:219,1
DA:221,1
DA:223,1
DA:225,1
DA:227,1
DA:229,1
DA:231,1
DA:233,1
DA:235,1
DA:237,1
DA:239,1
DA:241,0
DA:243,0
DA:245,0
DA:247,0
DA:249,0
DA:251,0
DA:253,0
DA:255,0
DA:257,0
DA:259,0
DA:261,0
DA:263,0
DA:266,0
LF:156
LH:66
end_of_record
SF:lib\src\utils.dart
DA:19,0
DA:21,0
DA:22,0
DA:33,1
DA:35,0
DA:36,0
DA:38,0
DA:40,0
DA:41,0
DA:42,0
DA:44,0
DA:45,0
DA:49,0
DA:50,0
DA:53,1
DA:54,2
DA:55,1
DA:56,2
DA:57,0
DA:58,0
DA:62,0
DA:65,0
DA:67,0
DA:68,0
DA:69,0
DA:74,0
DA:76,0
DA:77,0
DA:79,0
DA:82,0
DA:83,0
DA:85,0
DA:86,0
DA:96,1
DA:99,1
DA:101,3
DA:103,2
DA:106,3
DA:108,2
DA:109,0
DA:111,6
DA:115,0
DA:117,0
DA:118,0
DA:120,0
DA:121,0
DA:122,0
DA:123,0
DA:124,0
DA:129,0
DA:133,1
DA:134,1
DA:136,2
DA:138,1
DA:140,2
DA:142,1
DA:144,0
DA:146,0
LF:58
LH:18
end_of_record
SF:lib\src\projection\type_builder.dart
DA:16,1
DA:17,2
DA:18,2
DA:20,1
DA:21,2
DA:22,2
DA:24,1
DA:25,2
DA:29,2
DA:30,0
DA:33,1
DA:34,1
DA:36,1
DA:38,1
DA:40,1
DA:41,1
DA:42,1
DA:43,1
DA:44,1
DA:45,1
DA:46,1
DA:47,1
DA:48,1
DA:49,1
DA:50,1
DA:52,1
DA:53,1
DA:55,1
DA:57,1
DA:59,2
DA:62,2
DA:67,1
DA:68,1
DA:69,2
DA:70,4
DA:71,3
DA:73,0
DA:74,0
DA:76,0
DA:77,0
DA:79,0
DA:82,3
DA:92,2
DA:93,2
DA:94,3
DA:96,2
DA:102,1
DA:109,1
DA:110,3
DA:111,4
DA:112,1
DA:113,1
DA:122,1
DA:126,1
DA:129,1
DA:133,2
DA:134,0
DA:137,1
DA:138,1
DA:140,1
DA:141,1
DA:142,1
DA:144,1
DA:146,1
DA:148,1
DA:150,1
DA:152,1
DA:154,1
DA:156,1
DA:158,1
DA:160,1
DA:162,1
DA:164,1
DA:166,1
DA:167,2
DA:170,2
DA:174,1
DA:175,1
DA:176,2
DA:177,4
DA:178,3
DA:180,5
DA:181,1
DA:183,1
DA:184,4
DA:186,0
DA:189,3
DA:199,2
DA:200,2
DA:201,3
DA:203,2
DA:209,1
DA:211,1
DA:212,1
DA:217,1
DA:218,3
DA:219,4
DA:220,1
DA:229,0
DA:230,0
DA:231,0
DA:232,0
DA:233,0
DA:234,0
DA:235,0
DA:237,0
DA:238,0
DA:239,0
DA:240,0
DA:241,0
DA:244,0
DA:246,0
DA:247,0
DA:248,0
DA:249,0
DA:250,0
DA:251,0
DA:252,0
DA:253,0
DA:254,0
DA:256,0
DA:258,0
DA:260,0
DA:264,0
DA:265,0
DA:266,0
DA:267,0
DA:270,0
LF:128
LH:90
end_of_record
SF:lib\src\projection\type_printer.dart
DA:12,0
DA:13,0
DA:14,0
DA:15,0
DA:24,0
DA:26,0
DA:34,0
DA:35,0
DA:40,0
DA:41,0
DA:43,0
DA:46,0
DA:47,0
DA:48,0
DA:49,0
DA:50,0
DA:51,0
DA:53,0
DA:54,0
DA:55,0
DA:58,0
DA:59,0
DA:60,0
DA:62,0
DA:63,0
DA:64,0
DA:65,0
DA:66,0
DA:68,0
DA:69,0
DA:70,0
DA:72,0
DA:73,0
DA:74,0
DA:75,0
DA:76,0
DA:79,0
DA:82,0
DA:83,0
DA:84,0
DA:85,0
DA:86,0
DA:88,0
DA:89,0
DA:90,0
DA:92,0
DA:93,0
DA:94,0
DA:95,0
DA:96,0
DA:99,0
DA:100,0
DA:103,0
DA:106,0
DA:107,0
DA:108,0
DA:110,0
DA:111,0
DA:112,0
DA:114,0
DA:116,0
DA:117,0
DA:119,0
DA:122,0
DA:123,0
DA:124,0
DA:125,0
DA:126,0
DA:127,0
DA:128,0
DA:130,0
DA:134,0
DA:135,0
DA:138,0
DA:139,0
DA:140,0
DA:141,0
DA:142,0
DA:144,0
DA:148,0
DA:150,0
DA:152,0
DA:155,0
DA:156,0
DA:157,0
DA:158,0
DA:159,0
DA:160,0
DA:161,0
DA:162,0
DA:165,0
DA:166,0
DA:167,0
DA:168,0
DA:169,0
DA:170,0
DA:171,0
DA:172,0
DA:173,0
DA:176,0
DA:177,0
DA:178,0
DA:179,0
DA:182,0
DA:183,0
DA:186,0
DA:187,0
DA:189,0
DA:191,0
DA:192,0
DA:193,0
DA:194,0
DA:195,0
DA:196,0
DA:197,0
DA:198,0
DA:199,0
DA:200,0
DA:201,0
DA:209,0
DA:212,0
DA:213,0
DA:215,0
DA:216,0
DA:217,0
DA:219,0
DA:223,0
DA:224,0
DA:227,0
DA:228,0
DA:229,0
DA:231,0
DA:232,0
DA:234,0
DA:236,0
DA:237,0
DA:241,0
DA:245,0
DA:248,0
DA:252,0
DA:255,0
DA:257,0
DA:258,0
DA:264,0
DA:265,0
DA:266,0
DA:267,0
DA:268,0
DA:269,0
LF:149
LH:0
end_of_record
SF:lib\src\projection\types.dart
DA:9,1
DA:16,0
DA:19,0
DA:20,0
DA:29,0
DA:31,0
DA:46,0
DA:48,0
DA:50,0
LF:9
LH:1
end_of_record
SF:lib\src\projection\win32types.dart
DA:3,1
DA:4,1
DA:5,1
DA:7,1
DA:8,0
DA:18,1
DA:31,2
DA:35,1
LF:8
LH:7
end_of_record
SF:lib\src\_base.dart
DA:18,1
DA:20,5
DA:22,0
DA:23,0
DA:26,0
DA:27,0
DA:28,0
DA:30,0
DA:33,0
DA:40,1
DA:41,1
DA:43,0
DA:44,0
DA:45,0
DA:46,0
DA:49,0
DA:50,0
DA:51,0
DA:52,0
DA:54,0
DA:57,0
DA:60,0
DA:61,0
DA:62,0
DA:67,1
DA:68,1
DA:70,1
DA:71,1
DA:72,1
DA:76,3
DA:77,1
DA:78,1
DA:80,3
DA:81,3
DA:85,3
DA:86,1
DA:87,1
DA:88,1
LF:38
LH:18
end_of_record
